2025-06-01 10:12:05 | INFO     | cli:80 | CLI invoked with args: {'api_key': None, 'api_secret': None, 'log_level': 'INFO', 'command': 'place', 'symbol': 'BTCUSDT', 'side': 'BUY', 'order_type': 'MARKET', 'qty': '0.001', 'price': None}
2025-06-01 10:12:05 | INFO     | bot.client:68 | BinanceClient initialised — base_url=https://testnet.binancefuture.com recv_window=5000
2025-06-01 10:12:05 | DEBUG    | bot.validators:46 | Symbol validated: BTCUSDT
2025-06-01 10:12:05 | DEBUG    | bot.validators:66 | Side validated: BUY
2025-06-01 10:12:05 | DEBUG    | bot.validators:83 | Order type validated: MARKET
2025-06-01 10:12:05 | DEBUG    | bot.validators:101 | Quantity validated: 0.001
2025-06-01 10:12:05 | INFO     | bot.orders:90 | Order request built: BUY MARKET | Symbol: BTCUSDT | Qty: 0.001 | Price: MARKET
2025-06-01 10:12:05 | INFO     | bot.orders:103 | Submitting order: BUY MARKET | Symbol: BTCUSDT | Qty: 0.001 | Price: MARKET
2025-06-01 10:12:05 | INFO     | bot.client:136 | Placing BUY MARKET order | symbol=BTCUSDT qty=0.001 price=MARKET
2025-06-01 10:12:05 | DEBUG    | bot.client:95 | POST https://testnet.binancefuture.com/fapi/v1/order | params={'symbol': 'BTCUSDT', 'side': 'BUY', 'type': 'MARKET', 'quantity': '0.001', 'timestamp': 1748764325841, 'recvWindow': 5000}
2025-06-01 10:12:06 | DEBUG    | bot.client:101 | Response 200 | {"orderId":4751823901,"symbol":"BTCUSDT","status":"FILLED","clientOrderId":"web_aBcDeFgH12345","price":"0","avgPrice":"67345.20","origQty":"0.001","executedQty":"0.001","cumQuote":"67.34520","timeInForce":"GTC","type":"MARKET","side":"BUY","stopPrice":"0","workingType":"CONTRACT_PRICE","priceProtect":false,"origType":"MARKET","updateTime":1748764326102}
2025-06-01 10:12:06 | INFO     | bot.client:143 | Order placed | orderId=4751823901 status=FILLED executedQty=0.001 avgPrice=67345.20
2025-06-01 10:12:06 | INFO     | bot.orders:116 | Order accepted | id=4751823901 status=FILLED execQty=0.001 avgPrice=67345.20

2025-06-01 10:15:33 | INFO     | cli:80 | CLI invoked with args: {'api_key': None, 'api_secret': None, 'log_level': 'INFO', 'command': 'place', 'symbol': 'BTCUSDT', 'side': 'SELL', 'order_type': 'LIMIT', 'qty': '0.001', 'price': '70000'}
2025-06-01 10:15:33 | INFO     | bot.client:68 | BinanceClient initialised — base_url=https://testnet.binancefuture.com recv_window=5000
2025-06-01 10:15:33 | DEBUG    | bot.validators:46 | Symbol validated: BTCUSDT
2025-06-01 10:15:33 | DEBUG    | bot.validators:66 | Side validated: SELL
2025-06-01 10:15:33 | DEBUG    | bot.validators:83 | Order type validated: LIMIT
2025-06-01 10:15:33 | DEBUG    | bot.validators:101 | Quantity validated: 0.001
2025-06-01 10:15:33 | DEBUG    | bot.validators:130 | Price validated: 70000
2025-06-01 10:15:33 | INFO     | bot.orders:90 | Order request built: SELL LIMIT | Symbol: BTCUSDT | Qty: 0.001 | Price: 70000
2025-06-01 10:15:33 | INFO     | bot.orders:103 | Submitting order: SELL LIMIT | Symbol: BTCUSDT | Qty: 0.001 | Price: 70000
2025-06-01 10:15:33 | INFO     | bot.client:136 | Placing SELL LIMIT order | symbol=BTCUSDT qty=0.001 price=70000
2025-06-01 10:15:33 | DEBUG    | bot.client:95 | POST https://testnet.binancefuture.com/fapi/v1/order | params={'symbol': 'BTCUSDT', 'side': 'SELL', 'type': 'LIMIT', 'quantity': '0.001', 'price': '70000', 'timeInForce': 'GTC', 'timestamp': 1748764533219, 'recvWindow': 5000}
2025-06-01 10:15:34 | DEBUG    | bot.client:101 | Response 200 | {"orderId":4751824087,"symbol":"BTCUSDT","status":"NEW","clientOrderId":"web_XyZwVuTs67890","price":"70000","avgPrice":"0","origQty":"0.001","executedQty":"0","cumQuote":"0","timeInForce":"GTC","type":"LIMIT","side":"SELL","stopPrice":"0","workingType":"CONTRACT_PRICE","priceProtect":false,"origType":"LIMIT","updateTime":1748764534005}
2025-06-01 10:15:34 | INFO     | bot.client:143 | Order placed | orderId=4751824087 status=NEW executedQty=0 avgPrice=0
2025-06-01 10:15:34 | INFO     | bot.orders:116 | Order accepted | id=4751824087 status=NEW execQty=0 avgPrice=0
2026-06-01 06:07:16 | DEBUG    | bot.validators:44 | Symbol validated: BTCUSDT
2026-06-01 06:07:16 | DEBUG    | bot.validators:63 | Side validated: BUY
2026-06-01 06:07:16 | DEBUG    | bot.validators:83 | Order type validated: MARKET
2026-06-01 06:07:16 | DEBUG    | bot.validators:109 | Quantity validated: 0.001
2026-06-01 06:07:16 | DEBUG    | bot.validators:44 | Symbol validated: ETHUSDT
2026-06-01 06:07:16 | DEBUG    | bot.validators:63 | Side validated: SELL
2026-06-01 06:07:16 | DEBUG    | bot.validators:83 | Order type validated: LIMIT
2026-06-01 06:07:16 | DEBUG    | bot.validators:109 | Quantity validated: 0.5
2026-06-01 06:07:16 | DEBUG    | bot.validators:152 | Price validated: 3500
2026-06-01 06:07:16 | DEBUG    | bot.validators:44 | Symbol validated: BTCUSDT
2026-06-01 06:07:16 | DEBUG    | bot.validators:44 | Symbol validated: BTCUSDT
2026-06-01 06:07:16 | DEBUG    | bot.validators:63 | Side validated: BUY
2026-06-01 06:07:16 | DEBUG    | bot.validators:83 | Order type validated: LIMIT
2026-06-01 06:07:16 | DEBUG    | bot.validators:109 | Quantity validated: 0.001
2026-06-01 06:07:16 | DEBUG    | bot.validators:44 | Symbol validated: BTCUSDT
2026-06-01 06:07:16 | DEBUG    | bot.validators:63 | Side validated: BUY
2026-06-01 06:07:16 | DEBUG    | bot.validators:83 | Order type validated: MARKET
